c:\users\alexander riccio\documents\visual studio 2013\setbrightcpp\consoleapplication1\consoleapplication1\debug\consoleapplication1.pch.codeanalysis
c:\users\alexander riccio\documents\visual studio 2013\setbrightcpp\consoleapplication1\consoleapplication1\debug\vc120.pdb
c:\users\alexander riccio\documents\visual studio 2013\setbrightcpp\consoleapplication1\consoleapplication1\debug\vc120.idb
c:\users\alexander riccio\documents\visual studio 2013\setbrightcpp\consoleapplication1\consoleapplication1\debug\consoleapplication1.pch.codeanalysisast
c:\users\alexander riccio\documents\visual studio 2013\setbrightcpp\consoleapplication1\consoleapplication1\debug\stdafx.nativecodeanalysis.xml
c:\users\alexander riccio\documents\visual studio 2013\setbrightcpp\consoleapplication1\consoleapplication1\debug\stdafx.obj
c:\users\alexander riccio\documents\visual studio 2013\setbrightcpp\consoleapplication1\consoleapplication1\debug\consoleapplication1.pch
c:\users\alexander riccio\documents\visual studio 2013\setbrightcpp\consoleapplication1\consoleapplication1\debug\consoleapplication1.nativecodeanalysis.xml
c:\users\alexander riccio\documents\visual studio 2013\setbrightcpp\consoleapplication1\consoleapplication1\debug\consoleapplication1.obj
c:\users\alexander riccio\documents\visual studio 2013\setbrightcpp\consoleapplication1\debug\consoleapplication1.ilk
c:\users\alexander riccio\documents\visual studio 2013\setbrightcpp\consoleapplication1\debug\consoleapplication1.exe
c:\users\alexander riccio\documents\visual studio 2013\setbrightcpp\consoleapplication1\debug\consoleapplication1.pdb
c:\users\alexander riccio\documents\visual studio 2013\setbrightcpp\consoleapplication1\consoleapplication1\debug\consoleapplication1.res
c:\users\alexander riccio\documents\github\setbrightsleeptight\setbrightcpp\consoleapplication1\consoleapplication1\debug\consoleapplication1.obj
c:\users\alexander riccio\documents\github\setbrightsleeptight\setbrightcpp\consoleapplication1\consoleapplication1\debug\stdafx.obj
c:\users\alexander riccio\documents\github\setbrightsleeptight\setbrightcpp\consoleapplication1\consoleapplication1\debug\nativecodeanalysis.read.1.tlog
c:\users\alexander riccio\documents\github\setbrightsleeptight\setbrightcpp\consoleapplication1\consoleapplication1\debug\consoleapplication1.res
c:\users\alexander riccio\documents\github\setbrightsleeptight\setbrightcpp\consoleapplication1\consoleapplication1\debug\consoleapplication1.pch
c:\users\alexander riccio\documents\github\setbrightsleeptight\setbrightcpp\consoleapplication1\consoleapplication1\debug\vc120.idb
c:\users\alexander riccio\documents\github\setbrightsleeptight\setbrightcpp\consoleapplication1\consoleapplication1\debug\vc120.pdb
c:\users\alexander riccio\documents\github\setbrightsleeptight\setbrightcpp\consoleapplication1\consoleapplication1\debug\consoleapplication1.nativecodeanalysis.xml
c:\users\alexander riccio\documents\github\setbrightsleeptight\setbrightcpp\consoleapplication1\consoleapplication1\debug\stdafx.nativecodeanalysis.xml
c:\users\alexander riccio\documents\github\setbrightsleeptight\setbrightcpp\consoleapplication1\consoleapplication1\debug\vc.nativecodeanalysis.all.xml
c:\users\alexander riccio\documents\github\setbrightsleeptight\setbrightcpp\consoleapplication1\debug\consoleapplication1.pdb
c:\users\alexander riccio\documents\github\setbrightsleeptight\setbrightcpp\consoleapplication1\debug\consoleapplication1.exe
c:\users\alexander riccio\documents\github\setbrightsleeptight\setbrightcpp\consoleapplication1\debug\consoleapplication1.ilk
c:\users\alexander riccio\documents\github\setbrightsleeptight\setbrightcpp\consoleapplication1\debug\consoleapplication1.exe.lastcodeanalysissucceeded
c:\users\alexander riccio\documents\github\setbrightsleeptight\setbrightcpp\consoleapplication1\consoleapplication1\debug\consolea.9263ee34.tlog\cl.command.1.tlog
c:\users\alexander riccio\documents\github\setbrightsleeptight\setbrightcpp\consoleapplication1\consoleapplication1\debug\consolea.9263ee34.tlog\cl.read.1.tlog
c:\users\alexander riccio\documents\github\setbrightsleeptight\setbrightcpp\consoleapplication1\consoleapplication1\debug\consolea.9263ee34.tlog\cl.read.8.tlog
c:\users\alexander riccio\documents\github\setbrightsleeptight\setbrightcpp\consoleapplication1\consoleapplication1\debug\consolea.9263ee34.tlog\cl.write.1.tlog
c:\users\alexander riccio\documents\github\setbrightsleeptight\setbrightcpp\consoleapplication1\consoleapplication1\debug\consolea.9263ee34.tlog\link.command.1.tlog
c:\users\alexander riccio\documents\github\setbrightsleeptight\setbrightcpp\consoleapplication1\consoleapplication1\debug\consolea.9263ee34.tlog\link.read.1.tlog
c:\users\alexander riccio\documents\github\setbrightsleeptight\setbrightcpp\consoleapplication1\consoleapplication1\debug\consolea.9263ee34.tlog\link.write.1.tlog
c:\users\alexander riccio\documents\github\setbrightsleeptight\setbrightcpp\consoleapplication1\consoleapplication1\debug\consolea.9263ee34.tlog\rc.command.1.tlog
c:\users\alexander riccio\documents\github\setbrightsleeptight\setbrightcpp\consoleapplication1\consoleapplication1\debug\consolea.9263ee34.tlog\rc.read.1.tlog
c:\users\alexander riccio\documents\github\setbrightsleeptight\setbrightcpp\consoleapplication1\consoleapplication1\debug\consolea.9263ee34.tlog\rc.write.1.tlog
